Temp/gradleOut/unityLibrary/build/intermediates/manifest_merge_blame_file/release/manifest-merger-blame-release-report.txt
1<?xml version="1.0" encoding="utf-8"?>
2<!-- GENERATED BY UNITY. REMOVE THIS COMMENT TO PREVENT OVERWRITING WHEN EXPORTING AGAIN -->
3<manifest xmlns:android="http://schemas.android.com/apk/res/android"
4    xmlns:tools="http://schemas.android.com/tools"
5    package="com.unity3d.player"
6    android:versionCode="1"
7    android:versionName="0.1" >
8
9    <uses-sdk
10        android:minSdkVersion="19"
10-->src\main\AndroidManifest.xml
11        android:targetSdkVersion="28" />
11-->src\main\AndroidManifest.xml
12
13    <uses-permission android:name="android.permission.ACCESS_NETWORK_STATE" />
13-->src\main\AndroidManifest.xml:4:3-77
13-->src\main\AndroidManifest.xml:4:20-74
14    <uses-permission android:name="android.permission.READ_PHONE_STATE" />
14-->src\main\AndroidManifest.xml:5:3-73
14-->src\main\AndroidManifest.xml:5:20-70
15    <uses-permission android:name="android.permission.INTERNET" />
15-->src\main\AndroidManifest.xml:6:3-65
15-->src\main\AndroidManifest.xml:6:20-62
16    //asus permisstion
17    <uses-permission android:name="com.asus.msa.SupplementaryDID.ACCESS" />
17-->src\main\AndroidManifest.xml:8:5-76
17-->src\main\AndroidManifest.xml:8:22-73
18
19    <uses-feature android:glEsVersion="0x00030000" />
19-->src\main\AndroidManifest.xml:8:1098-1147
19-->src\main\AndroidManifest.xml:8:1112-1144
20    <uses-feature
20-->src\main\AndroidManifest.xml:8:1147-1235
21        android:name="android.hardware.vulkan.version"
21-->src\main\AndroidManifest.xml:8:1161-1207
22        android:required="false" />
22-->src\main\AndroidManifest.xml:8:1208-1232
23    <uses-feature
23-->src\main\AndroidManifest.xml:8:1235-1320
24        android:name="android.hardware.touchscreen"
24-->src\main\AndroidManifest.xml:8:1249-1292
25        android:required="false" />
25-->src\main\AndroidManifest.xml:8:1293-1317
26    <uses-feature
26-->src\main\AndroidManifest.xml:8:1320-1416
27        android:name="android.hardware.touchscreen.multitouch"
27-->src\main\AndroidManifest.xml:8:1334-1388
28        android:required="false" />
28-->src\main\AndroidManifest.xml:8:1389-1413
29    <uses-feature
29-->src\main\AndroidManifest.xml:8:1416-1521
30        android:name="android.hardware.touchscreen.multitouch.distinct"
30-->src\main\AndroidManifest.xml:8:1430-1493
31        android:required="false" />
31-->src\main\AndroidManifest.xml:8:1494-1518
32
33    <application>
33-->src\main\AndroidManifest.xml:8:76-1098
34        <activity
34-->src\main\AndroidManifest.xml:8:89-779
35            android:name="com.linxinfa.oaidtest.MainActivity"
35-->src\main\AndroidManifest.xml:8:99-148
36            android:configChanges="mcc|mnc|locale|touchscreen|keyboard|keyboardHidden|navigation|orientation|screenLayout|uiMode|screenSize|smallestScreenSize|fontScale|layoutDirection|density"
36-->src\main\AndroidManifest.xml:8:261-442
37            android:hardwareAccelerated="false"
37-->src\main\AndroidManifest.xml:8:443-478
38            android:launchMode="singleTask"
38-->src\main\AndroidManifest.xml:8:229-260
39            android:screenOrientation="landscape"
39-->src\main\AndroidManifest.xml:8:191-228
40            android:theme="@style/UnityThemeSelector" >
40-->src\main\AndroidManifest.xml:8:149-190
41            <intent-filter>
41-->src\main\AndroidManifest.xml:8:479-622
42                <action android:name="android.intent.action.MAIN" />
42-->src\main\AndroidManifest.xml:8:494-546
42-->src\main\AndroidManifest.xml:8:502-543
43
44                <category android:name="android.intent.category.LAUNCHER" />
44-->src\main\AndroidManifest.xml:8:546-606
44-->src\main\AndroidManifest.xml:8:556-603
45            </intent-filter>
46
47            <meta-data
47-->src\main\AndroidManifest.xml:8:622-697
48                android:name="unityplayer.UnityActivity"
48-->src\main\AndroidManifest.xml:8:633-673
49                android:value="true" />
49-->src\main\AndroidManifest.xml:8:674-694
50            <meta-data
50-->src\main\AndroidManifest.xml:8:697-768
51                android:name="android.notch_support"
51-->src\main\AndroidManifest.xml:8:708-744
52                android:value="true" />
52-->src\main\AndroidManifest.xml:8:745-765
53        </activity>
54
55        <meta-data
55-->src\main\AndroidManifest.xml:8:779-843
56            android:name="unity.splash-mode"
56-->src\main\AndroidManifest.xml:8:790-822
57            android:value="0" />
57-->src\main\AndroidManifest.xml:8:823-840
58        <meta-data
58-->src\main\AndroidManifest.xml:8:843-912
59            android:name="unity.splash-enable"
59-->src\main\AndroidManifest.xml:8:854-888
60            android:value="True" />
60-->src\main\AndroidManifest.xml:8:889-909
61        <meta-data
61-->src\main\AndroidManifest.xml:8:912-988
62            android:name="notch.config"
62-->src\main\AndroidManifest.xml:8:923-950
63            android:value="portrait|landscape" />
63-->src\main\AndroidManifest.xml:8:951-985
64        <meta-data
64-->src\main\AndroidManifest.xml:8:988-1084
65            android:name="unity.build-id"
65-->src\main\AndroidManifest.xml:8:999-1028
66            android:value="80f4d058-ffbd-4e96-b43f-16461a4fee58" />
66-->src\main\AndroidManifest.xml:8:1029-1081
67    </application>
68
69</manifest>